2016-04-11 17:35:35,483 - Trying to use logger class org.apache.velocity.runtime.log.Log4JLogChute
2016-04-11 17:35:35,483 - Using logger class org.apache.velocity.runtime.log.Log4JLogChute
2016-04-11 17:35:35,483 - Default ResourceManager initializing. (class org.apache.velocity.runtime.resource.ResourceManagerImpl)
2016-04-11 17:35:35,484 - ResourceLoader instantiated: org.apache.velocity.runtime.resource.loader.FileResourceLoader
2016-04-11 17:35:35,484 - Do unicode file recognition:  false
2016-04-11 17:35:35,484 - FileResourceLoader : adding path '.'
2016-04-11 17:35:35,484 - ResourceCache: initialized (class org.apache.velocity.runtime.resource.ResourceCacheImpl)
2016-04-11 17:35:35,484 - Loaded System Directive: org.apache.velocity.runtime.directive.Literal
2016-04-11 17:35:35,484 - Loaded System Directive: org.apache.velocity.runtime.directive.Macro
2016-04-11 17:35:35,484 - Loaded System Directive: org.apache.velocity.runtime.directive.Parse
2016-04-11 17:35:35,484 - Loaded System Directive: org.apache.velocity.runtime.directive.Include
2016-04-11 17:35:35,484 - Loaded System Directive: org.apache.velocity.runtime.directive.Foreach
2016-04-11 17:35:35,485 - Created '20' parsers.
2016-04-11 17:35:35,485 - Velocimacro : "velocimacro.library" is not set.  Trying default library: VM_global_library.vm
2016-04-11 17:35:35,485 - Velocimacro : Default library not found.
2016-04-11 17:35:35,485 - Velocimacro : allowInline = true : VMs can be defined inline in templates
2016-04-11 17:35:35,485 - Velocimacro : allowInlineToOverride = false : VMs defined inline may NOT replace previous VM definitions
2016-04-11 17:35:35,485 - Velocimacro : allowInlineLocal = false : VMs defined inline will be global in scope if allowed.
2016-04-11 17:35:35,485 - Velocimacro : autoload off : VM system will not automatically reload global library macros
2016-04-11 17:35:35,486 - Velocimacro : added #print_if_exist(  field default ) : source = repository/resources/api_templates/velocity_template.xml
2016-04-11 17:35:35,486 - Velocimacro : added #print_string_if_exist(  field default ) : source = repository/resources/api_templates/velocity_template.xml
2016-04-11 17:35:35,486 - Velocimacro : added #print_if_exist_only(  tagname field ) : source = repository/resources/api_templates/velocity_template.xml
2016-04-11 17:35:35,487 - Velocimacro : added #print_list(  tagname list ) : source = repository/resources/api_templates/velocity_template.xml
2016-04-11 17:35:35,488 - Velocimacro : added #timeout(  config ) : source = repository/resources/api_templates/velocity_template.xml
2016-04-11 17:35:35,488 - Velocimacro : added #http_endpoint(  name ep ) : source = repository/resources/api_templates/velocity_template.xml
2016-04-11 17:35:35,491 - Velocimacro : added #draw_endpoint(  type endpoint_config ) : source = repository/resources/api_templates/velocity_template.xml
2016-04-11 17:35:35,515 - ResourceManager : found repository/resources/api_templates/velocity_template.xml with loader org.apache.velocity.runtime.resource.loader.FileResourceLoader
2016-04-11 17:35:35,517 - Null reference [template 'repository/resources/api_templates/velocity_template.xml', line 243, column 17] : $ctx cannot be resolved.
2016-04-11 17:35:35,519 - VM #timeout: error : too few arguments to macro. Wanted 1 got 0
2016-04-11 17:35:35,519 - VM #timeout: error : too few arguments to macro. Wanted 1 got 0
2016-04-11 17:35:35,527 - Left side ($config.get("actionSelect")) of '==' operation has null value. If a reference, it may not be in the context. Operation not possible. repository/resources/api_templates/velocity_template.xml [line 1, column 44]
2016-04-11 17:35:35,531 - VM #timeout: error : too few arguments to macro. Wanted 1 got 0
2016-04-11 17:35:35,531 - VM #timeout: error : too few arguments to macro. Wanted 1 got 0
2016-04-11 17:35:35,540 - Left side ($config.get("actionSelect")) of '==' operation has null value. If a reference, it may not be in the context. Operation not possible. repository/resources/api_templates/velocity_template.xml [line 1, column 44]
2016-04-11 17:35:41,047 - Log4JLogChute initialized using file 'velocity.log'
2016-04-11 17:35:41,048 - Starting Apache Velocity v1.5 (compiled: 2007-02-22 08:52:29)
2016-04-11 17:35:41,048 - Default Properties File: org/apache/velocity/runtime/defaults/velocity.properties
2016-04-11 17:35:41,048 - Trying to use logger class org.apache.velocity.runtime.log.AvalonLogChute
2016-04-11 17:35:41,048 - Couldn't find class org.apache.velocity.runtime.log.AvalonLogChute or necessary supporting classes in classpath.
java.lang.NoClassDefFoundError: org/apache/log/format/Formatter
	at java.lang.Class.forName0(Native Method)
	at java.lang.Class.forName(Class.java:274)
	at org.apache.velocity.util.ClassUtils.getClass(ClassUtils.java:63)
	at org.apache.velocity.util.ClassUtils.getNewInstance(ClassUtils.java:95)
	at org.apache.velocity.runtime.log.LogManager.createLogChute(LogManager.java:147)
	at org.apache.velocity.runtime.log.LogManager.updateLog(LogManager.java:208)
	at org.apache.velocity.runtime.RuntimeInstance.initializeLog(RuntimeInstance.java:728)
	at org.apache.velocity.runtime.RuntimeInstance.init(RuntimeInstance.java:240)
	at org.apache.velocity.app.VelocityEngine.init(VelocityEngine.java:116)
	at org.wso2.carbon.apimgt.impl.template.APITemplateBuilderImpl.getConfigStringForTemplate(APITemplateBuilderImpl.java:97)
	at org.wso2.carbon.apimgt.impl.utils.RESTAPIAdminClient.updateApi(RESTAPIAdminClient.java:144)
	at org.wso2.carbon.apimgt.impl.APIGatewayManager.publishToGateway(APIGatewayManager.java:126)
	at org.wso2.carbon.apimgt.impl.APIProviderImpl.publishToGateway(APIProviderImpl.java:944)
	at org.wso2.carbon.apimgt.impl.APIProviderImpl.updateAPI(APIProviderImpl.java:579)
	at org.wso2.carbon.apimgt.impl.UserAwareAPIProvider.manageAPI(UserAwareAPIProvider.java:71)
	at org.wso2.carbon.apimgt.hostobjects.APIProviderHostObject.saveAPI(APIProviderHostObject.java:902)
	at org.wso2.carbon.apimgt.hostobjects.APIProviderHostObject.jsFunction_manageAPI(APIProviderHostObject.java:503)
	at sun.reflect.NativeMethodAccessorImpl.invoke0(Native Method)
	at sun.reflect.NativeMethodAccessorImpl.invoke(NativeMethodAccessorImpl.java:57)
	at sun.reflect.DelegatingMethodAccessorImpl.invoke(DelegatingMethodAccessorImpl.java:43)
	at java.lang.reflect.Method.invoke(Method.java:606)
	at org.mozilla.javascript.MemberBox.invoke(MemberBox.java:126)
	at org.mozilla.javascript.FunctionObject.call(FunctionObject.java:386)
	at org.mozilla.javascript.optimizer.OptRuntime.call1(OptRuntime.java:32)
	at org.jaggeryjs.rhino.publisher.modules.api.c3._c_anonymous_1(/publisher/modules/api/add.jag:7)
	at org.jaggeryjs.rhino.publisher.modules.api.c3.call(/publisher/modules/api/add.jag)
	at org.mozilla.javascript.ScriptRuntime.applyOrCall(ScriptRuntime.java:2430)
	at org.mozilla.javascript.BaseFunction.execIdCall(BaseFunction.java:269)
	at org.mozilla.javascript.IdFunctionObject.call(IdFunctionObject.java:97)
	at org.mozilla.javascript.optimizer.OptRuntime.call2(OptRuntime.java:42)
	at org.jaggeryjs.rhino.publisher.modules.api.c0._c_anonymous_34(/publisher/modules/api/module.jag:110)
	at org.jaggeryjs.rhino.publisher.modules.api.c0.call(/publisher/modules/api/module.jag)
	at org.mozilla.javascript.optimizer.OptRuntime.call1(OptRuntime.java:32)
	at org.jaggeryjs.rhino.publisher.site.blocks.item_design.ajax.c0._c_anonymous_1(/publisher/site/blocks/item-design/ajax/add.jag:219)
	at org.jaggeryjs.rhino.publisher.site.blocks.item_design.ajax.c0.call(/publisher/site/blocks/item-design/ajax/add.jag)
	at org.mozilla.javascript.optimizer.OptRuntime.call0(OptRuntime.java:23)
	at org.jaggeryjs.rhino.publisher.site.blocks.item_design.ajax.c0._c_script_0(/publisher/site/blocks/item-design/ajax/add.jag:5)
	at org.jaggeryjs.rhino.publisher.site.blocks.item_design.ajax.c0.call(/publisher/site/blocks/item-design/ajax/add.jag)
	at org.mozilla.javascript.ContextFactory.doTopCall(ContextFactory.java:394)
	at org.mozilla.javascript.ScriptRuntime.doTopCall(ScriptRuntime.java:3091)
	at org.jaggeryjs.rhino.publisher.site.blocks.item_design.ajax.c0.call(/publisher/site/blocks/item-design/ajax/add.jag)
	at org.jaggeryjs.rhino.publisher.site.blocks.item_design.ajax.c0.exec(/publisher/site/blocks/item-design/ajax/add.jag)
	at org.jaggeryjs.scriptengine.engine.RhinoEngine.execScript(RhinoEngine.java:567)
	at org.jaggeryjs.scriptengine.engine.RhinoEngine.exec(RhinoEngine.java:273)
	at org.jaggeryjs.jaggery.core.manager.WebAppManager.execute(WebAppManager.java:541)
	at org.jaggeryjs.jaggery.core.JaggeryServlet.doPost(JaggeryServlet.java:29)
	at javax.servlet.http.HttpServlet.service(HttpServlet.java:755)
	at javax.servlet.http.HttpServlet.service(HttpServlet.java:848)
	at org.apache.catalina.core.ApplicationFilterChain.internalDoFilter(ApplicationFilterChain.java:303)
	at org.apache.catalina.core.ApplicationFilterChain.doFilter(ApplicationFilterChain.java:208)
	at org.apache.catalina.core.ApplicationDispatcher.invoke(ApplicationDispatcher.java:748)
	at org.apache.catalina.core.ApplicationDispatcher.processRequest(ApplicationDispatcher.java:486)
	at org.apache.catalina.core.ApplicationDispatcher.doForward(ApplicationDispatcher.java:378)
	at org.apache.catalina.core.ApplicationDispatcher.forward(ApplicationDispatcher.java:338)
	at org.jaggeryjs.jaggery.core.JaggeryFilter.doFilter(JaggeryFilter.java:21)
	at org.apache.catalina.core.ApplicationFilterChain.internalDoFilter(ApplicationFilterChain.java:241)
	at org.apache.catalina.core.ApplicationFilterChain.doFilter(ApplicationFilterChain.java:208)
	at org.apache.catalina.core.StandardWrapperValve.invoke(StandardWrapperValve.java:220)
	at org.apache.catalina.core.StandardContextValve.invoke(StandardContextValve.java:122)
	at org.apache.catalina.authenticator.AuthenticatorBase.invoke(AuthenticatorBase.java:501)
	at org.apache.catalina.core.StandardHostValve.invoke(StandardHostValve.java:171)
	at org.apache.catalina.valves.ErrorReportValve.invoke(ErrorReportValve.java:103)
	at org.wso2.carbon.tomcat.ext.valves.CompositeValve.continueInvocation(CompositeValve.java:178)
	at org.wso2.carbon.tomcat.ext.valves.CarbonTomcatValve$1.invoke(CarbonTomcatValve.java:47)
	at org.wso2.carbon.webapp.mgt.TenantLazyLoaderValve.invoke(TenantLazyLoaderValve.java:56)
	at org.wso2.carbon.tomcat.ext.valves.TomcatValveContainer.invokeValves(TomcatValveContainer.java:47)
	at org.wso2.carbon.tomcat.ext.valves.CompositeValve.invoke(CompositeValve.java:141)
	at org.wso2.carbon.tomcat.ext.valves.CarbonStuckThreadDetectionValve.invoke(CarbonStuckThreadDetectionValve.java:156)
	at org.apache.catalina.valves.AccessLogValve.invoke(AccessLogValve.java:950)
	at org.wso2.carbon.tomcat.ext.valves.CarbonContextCreatorValve.invoke(CarbonContextCreatorValve.java:52)
	at org.apache.catalina.core.StandardEngineValve.invoke(StandardEngineValve.java:116)
	at org.apache.catalina.connector.CoyoteAdapter.service(CoyoteAdapter.java:408)
	at org.apache.coyote.http11.AbstractHttp11Processor.process(AbstractHttp11Processor.java:1070)
	at org.apache.coyote.AbstractProtocol$AbstractConnectionHandler.process(AbstractProtocol.java:611)
	at org.apache.tomcat.util.net.NioEndpoint$SocketProcessor.doRun(NioEndpoint.java:1736)
	at org.apache.tomcat.util.net.NioEndpoint$SocketProcessor.run(NioEndpoint.java:1695)
	at java.util.concurrent.ThreadPoolExecutor.runWorker(ThreadPoolExecutor.java:1145)
	at java.util.concurrent.ThreadPoolExecutor$Worker.run(ThreadPoolExecutor.java:615)
	at org.apache.tomcat.util.threads.TaskThread$WrappingRunnable.run(TaskThread.java:61)
	at java.lang.Thread.run(Thread.java:745)
Caused by: java.lang.ClassNotFoundException: org.apache.log.format.Formatter
	at org.eclipse.osgi.internal.loader.BundleLoader.findClassInternal(BundleLoader.java:501)
	at org.eclipse.osgi.internal.loader.BundleLoader.findClass(BundleLoader.java:421)
	at org.eclipse.osgi.internal.loader.BundleLoader.findClass(BundleLoader.java:412)
	at org.eclipse.osgi.internal.baseadaptor.DefaultClassLoader.loadClass(DefaultClassLoader.java:107)
	at java.lang.ClassLoader.loadClass(ClassLoader.java:358)
	... 80 more
2016-04-11 17:35:41,049 - Trying to use logger class org.apache.velocity.runtime.log.Log4JLogChute
2016-04-11 17:35:41,049 - Using logger class org.apache.velocity.runtime.log.Log4JLogChute
2016-04-11 17:35:41,050 - Default ResourceManager initializing. (class org.apache.velocity.runtime.resource.ResourceManagerImpl)
2016-04-11 17:35:41,050 - ResourceLoader instantiated: org.apache.velocity.runtime.resource.loader.FileResourceLoader
2016-04-11 17:35:41,050 - Do unicode file recognition:  false
2016-04-11 17:35:41,050 - FileResourceLoader : adding path '.'
2016-04-11 17:35:41,050 - ResourceCache: initialized (class org.apache.velocity.runtime.resource.ResourceCacheImpl)
2016-04-11 17:35:41,050 - Loaded System Directive: org.apache.velocity.runtime.directive.Literal
2016-04-11 17:35:41,050 - Loaded System Directive: org.apache.velocity.runtime.directive.Macro
2016-04-11 17:35:41,050 - Loaded System Directive: org.apache.velocity.runtime.directive.Parse
2016-04-11 17:35:41,050 - Loaded System Directive: org.apache.velocity.runtime.directive.Include
2016-04-11 17:35:41,050 - Loaded System Directive: org.apache.velocity.runtime.directive.Foreach
2016-04-11 17:35:41,051 - Created '20' parsers.
2016-04-11 17:35:41,051 - Velocimacro : "velocimacro.library" is not set.  Trying default library: VM_global_library.vm
2016-04-11 17:35:41,051 - Velocimacro : Default library not found.
2016-04-11 17:35:41,051 - Velocimacro : allowInline = true : VMs can be defined inline in templates
2016-04-11 17:35:41,051 - Velocimacro : allowInlineToOverride = false : VMs defined inline may NOT replace previous VM definitions
2016-04-11 17:35:41,051 - Velocimacro : allowInlineLocal = false : VMs defined inline will be global in scope if allowed.
2016-04-11 17:35:41,051 - Velocimacro : autoload off : VM system will not automatically reload global library macros
2016-04-11 17:35:41,051 - Velocimacro : added #print_if_exist(  field default ) : source = repository/resources/api_templates/velocity_template.xml
2016-04-11 17:35:41,052 - Velocimacro : added #print_string_if_exist(  field default ) : source = repository/resources/api_templates/velocity_template.xml
2016-04-11 17:35:41,052 - Velocimacro : added #print_if_exist_only(  tagname field ) : source = repository/resources/api_templates/velocity_template.xml
2016-04-11 17:35:41,052 - Velocimacro : added #print_list(  tagname list ) : source = repository/resources/api_templates/velocity_template.xml
2016-04-11 17:35:41,053 - Velocimacro : added #timeout(  config ) : source = repository/resources/api_templates/velocity_template.xml
2016-04-11 17:35:41,054 - Velocimacro : added #http_endpoint(  name ep ) : source = repository/resources/api_templates/velocity_template.xml
2016-04-11 17:35:41,058 - Velocimacro : added #draw_endpoint(  type endpoint_config ) : source = repository/resources/api_templates/velocity_template.xml
2016-04-11 17:35:41,104 - ResourceManager : found repository/resources/api_templates/velocity_template.xml with loader org.apache.velocity.runtime.resource.loader.FileResourceLoader
2016-04-11 17:35:41,106 - Null reference [template 'repository/resources/api_templates/velocity_template.xml', line 243, column 17] : $ctx cannot be resolved.
2016-04-11 17:35:41,113 - VM #timeout: error : too few arguments to macro. Wanted 1 got 0
2016-04-11 17:35:41,114 - VM #timeout: error : too few arguments to macro. Wanted 1 got 0
2016-04-11 17:35:41,124 - Left side ($config.get("actionSelect")) of '==' operation has null value. If a reference, it may not be in the context. Operation not possible. repository/resources/api_templates/velocity_template.xml [line 1, column 44]
2016-04-11 17:35:41,129 - VM #timeout: error : too few arguments to macro. Wanted 1 got 0
2016-04-11 17:35:41,129 - VM #timeout: error : too few arguments to macro. Wanted 1 got 0
2016-04-11 17:35:41,140 - Left side ($config.get("actionSelect")) of '==' operation has null value. If a reference, it may not be in the context. Operation not possible. repository/resources/api_templates/velocity_template.xml [line 1, column 44]
r.java:541)
	at org.jaggeryjs.jaggery.core.JaggeryServlet.doPost(JaggeryServlet.java:29)
	at javax.servlet.http.HttpServlet.service(HttpServlet.java:755)
	at javax.servlet.http.HttpServlet.service(HttpServlet.java:848)
	at org.apache.catalina.core.ApplicationFilterChain.internalDoFilter(ApplicationFilterChain.java:303)
	at org.apache.catalina.core.ApplicationFilterChain.doFilter(ApplicationFilterChain.java:208)
	at org.apache.catalina.core.ApplicationDispatcher.invoke(ApplicationDispatcher.java:748)
	at org.apache.catalina.core.ApplicationDispatcher.processRequest(ApplicationDispatcher.java:486)
	at org.apache.catalina.core.ApplicationDispatcher.doForward(ApplicationDispatcher.java:378)
	at org.apache.catalina.core.ApplicationDispatcher.forward(ApplicationDispatcher.java:338)
	at org.jaggeryjs.jaggery.core.JaggeryFilter.doFilter(JaggeryFilter.java:21)
	at org.apache.catalina.core.ApplicationFilterChain.internalDoFilter(ApplicationFilterChain.java:241)
	at org.apache.catalina.core.ApplicationFilterChain.doFilter(ApplicationFilterChain.java:208)
	at org.apache.catalina.core.StandardWrapperValve.invoke(StandardWrapperValve.java:220)
	at org.apache.catalina.core.StandardContextValve.invoke(StandardContextValve.java:122)
	at org.apache.catalina.authenticator.AuthenticatorBase.invoke(AuthenticatorBase.java:501)
	at org.apache.catalina.core.StandardHostValve.invoke(StandardHostValve.java:171)
	at org.apache.catalina.valves.ErrorReportValve.invoke(ErrorReportValve.java:103)
	at org.wso2.carbon.tomcat.ext.valves.CompositeValve.continueInvocation(CompositeValve.java:178)
	at org.wso2.carbon.tomcat.ext.valves.CarbonTomcatValve$1.invoke(CarbonTomcatValve.java:47)
	at org.wso2.carbon.webapp.mgt.TenantLazyLoaderValve.invoke(TenantLazyLoaderValve.java:56)
	at org.wso2.carbon.tomcat.ext.valves.TomcatValveContainer.invokeValves(TomcatValveContainer.java:47)
	at org.wso2.carbon.tomcat.ext.valves.CompositeValve.invoke(CompositeValve.java:141)
	at org.wso2.carbon.tomcat.ext.valves.CarbonStuckThreadDetectionValve.invoke(CarbonStuckThreadDetectionValve.java:156)
	at org.apache.catalina.valves.AccessLogValve.invoke(AccessLogValve.java:950)
	at org.wso2.carbon.tomcat.ext.valves.CarbonContextCreatorValve.invoke(CarbonContextCreatorValve.java:52)
	at org.apache.catalina.core.StandardEngineValve.invoke(StandardEngineValve.java:116)
	at org.apache.catalina.connector.CoyoteAdapter.service(CoyoteAdapter.java:408)
	at org.apache.coyote.http11.AbstractHttp11Processor.process(AbstractHttp11Processor.java:1070)
	at org.apache.coyote.AbstractProtocol$AbstractConnectionHandler.process(AbstractProtocol.java:611)
	at org.apache.tomcat.util.net.NioEndpoint$SocketProcessor.doRun(NioEndpoint.java:1736)
	at org.apache.tomcat.util.net.NioEndpoint$SocketProcessor.run(NioEndpoint.java:1695)
	at java.util.concurrent.ThreadPoolExecutor.runWorker(ThreadPoolExecutor.java:1145)
	at java.util.concurrent.ThreadPoolExecutor$Worker.run(ThreadPoolExecutor.java:615)
	at org.apache.tomcat.util.threads.TaskThread$WrappingRunnable.run(TaskThread.java:61)
	at java.lang.Thread.run(Thread.java:745)
Caused by: java.lang.ClassNotFoundException: org.apache.log.format.Formatter
	at org.eclipse.osgi.internal.loader.BundleLoader.findClassInternal(BundleLoader.java:501)
	at org.eclipse.osgi.internal.loader.BundleLoader.findClass(BundleLoader.java:421)
	at org.eclipse.osgi.internal.loader.BundleLoader.findClass(BundleLoader.java:412)
	at org.eclipse.osgi.internal.baseadaptor.DefaultClassLoader.loadClass(DefaultClassLoader.java:107)
	at java.lang.ClassLoader.loadClass(ClassLoader.java:358)
	... 80 more
2016-04-11 17:35:41,049 - Trying to use logger class org.apache.velocity.runtime.log.Log4JLogChute
2016-04-11 17:35:41,049 - Using logger class org.apache.velocity.runtime.log.Log4JLogChute
2016-04-11 17:35:41,050 - Default ResourceManager initializing. (class org.apache.velocity.runtime.resource.ResourceManagerImpl)
2016-04-11 17:35:41,050 - ResourceLoader instantiated: org.apache.velocity.runtime.resource.loader.FileResourceLoader
2016-04-11 17:35:41,050 - Do unicode file recognition:  false
2016-04-11 17:35:41,050 - FileResourceLoader : adding path '.'
2016-04-11 17:35:41,050 - ResourceCache: initialized (class org.apache.velocity.runtime.resource.ResourceCacheImpl)
2016-04-11 17:35:41,050 - Loaded System Directive: org.apache.velocity.runtime.directive.Literal
2016-04-11 17:35:41,050 - Loaded System Directive: org.apache.velocity.runtime.directive.Macro
2016-04-11 17:35:41,050 - Loaded System Directive: org.apache.velocity.runtime.directive.Parse
2016-04-11 17:35:41,050 - Loaded System Directive: org.apache.velocity.runtime.directive.Include
2016-04-11 17:35:41,050 - Loaded System Directive: org.apache.velocity.runtime.directive.Foreach
2016-04-11 17:35:41,051 - Created '20' parsers.
2016-04-11 17:35:41,051 - Velocimacro : "velocimacro.library" is not set.  Trying default library: VM_global_library.vm
2016-04-11 17:35:41,051 - Velocimacro : Default library not found.
2016-04-11 17:35:41,051 - Velocimacro : allowInline = true : VMs can be defined inline in templates
2016-04-11 17:35:41,051 - Velocimacro : allowInlineToOverride = false : VMs defined inline may NOT replace previous VM definitions
2016-04-11 17:35:41,051 - Velocimacro : allowInlineLocal = false : VMs defined inline will be global in scope if allowed.
2016-04-11 17:35:41,051 - Velocimacro : autoload off : VM system will not automatically reload global library macros
2016-04-11 17:35:41,051 - Velocimacro : added #print_if_exist(  field default ) : source = repository/resources/api_templates/velocity_template.xml
2016-04-11 17:35:41,052 - Velocimacro : added #print_string_if_exist(  field default ) : source = repository/resources/api_templates/velocity_template.xml
2016-04-11 17:35:41,052 - Velocimacro : added #print_if_exist_only(  tagname field ) : source = repository/resources/api_templates/velocity_template.xml
2016-04-11 17:35:41,052 - Velocimacro : added #print_list(  tagname list ) : source = repository/resources/api_templates/velocity_template.xml
2016-04-11 17:35:41,053 - Velocimacro : added #timeout(  config ) : source = repository/resources/api_templates/velocity_template.xml
2016-04-11 17:35:41,054 - Velocimacro : added #http_endpoint(  name ep ) : source = repository/resources/api_templates/velocity_template.xml
2016-04-11 17:35:41,058 - Velocimacro : added #draw_endpoint(  type endpoint_config ) : source = repository/resources/api_templates/velocity_template.xml
2016-04-11 17:35:41,104 - ResourceManager : found repository/resources/api_templates/velocity_template.xml with loader org.apache.velocity.runtime.resource.loader.FileResourceLoader
2016-04-11 17:35:41,106 - Null reference [template 'repository/resources/api_templates/velocity_template.xml', line 243, column 17] : $ctx cannot be resolved.
2016-04-11 17:35:41,113 - VM #timeout: error : too few arguments to macro. Wanted 1 got 0
2016-04-11 17:35:41,114 - VM #timeout: error : too few arguments to macro. Wanted 1 got 0
2016-04-11 17:35:41,124 - Left side ($config.get("actionSelect")) of '==' operation has null value. If a reference, it may not be in the context. Operation not possible. repository/resources/api_templates/velocity_template.xml [line 1, column 44]
2016-04-11 17:35:41,129 - VM #timeout: error : too few arguments to macro. Wanted 1 got 0
2016-04-11 17:35:41,129 - VM #timeout: error : too few arguments to macro. Wanted 1 got 0
2016-04-11 17:35:41,140 - Left side ($config.get("actionSelect")) of '==' operation has null value. If a reference, it may not be in the context. Operation not possible. repository/resources/api_templates/velocity_template.xml [line 1, column 44]
2016-04-11 19:48:13,216 - Log4JLogChute initialized using file 'velocity.log'
2016-04-11 19:48:13,217 - Starting Apache Velocity v1.5 (compiled: 2007-02-22 08:52:29)
2016-04-11 19:48:13,217 - Default Properties File: org/apache/velocity/runtime/defaults/velocity.properties
2016-04-11 19:48:13,217 - Trying to use logger class org.apache.velocity.runtime.log.AvalonLogChute
2016-04-11 19:48:13,217 - Couldn't find class org.apache.velocity.runtime.log.AvalonLogChute or necessary supporting classes in classpath.
java.lang.NoClassDefFoundError: org/apache/log/format/Formatter
	at java.lang.Class.forName0(Native Method)
	at java.lang.Class.forName(Class.java:274)
	at org.apache.velocity.util.ClassUtils.getClass(ClassUtils.java:63)
	at org.apache.velocity.util.ClassUtils.getNewInstance(ClassUtils.java:95)
	at org.apache.velocity.runtime.log.LogManager.createLogChute(LogManager.java:147)
	at org.apache.velocity.runtime.log.LogManager.updateLog(LogManager.java:208)
	at org.apache.velocity.runtime.RuntimeInstance.initializeLog(RuntimeInstance.java:728)
	at org.apache.velocity.runtime.RuntimeInstance.init(RuntimeInstance.java:240)
	at org.apache.velocity.app.VelocityEngine.init(VelocityEngine.java:116)
	at org.wso2.carbon.apimgt.impl.template.APITemplateBuilderImpl.getConfigStringForTemplate(APITemplateBuilderImpl.java:97)
	at org.wso2.carbon.apimgt.impl.utils.RESTAPIAdminClient.addApi(RESTAPIAdminClient.java:53)
	at org.wso2.carbon.apimgt.impl.APIGatewayManager.publishToGateway(APIGatewayManager.java:169)
	at org.wso2.carbon.apimgt.impl.APIProviderImpl.publishToGateway(APIProviderImpl.java:944)
	at org.wso2.carbon.apimgt.impl.APIProviderImpl.changeAPIStatus(APIProviderImpl.java:825)
	at org.wso2.carbon.apimgt.impl.UserAwareAPIProvider.changeAPIStatus(UserAwareAPIProvider.java:84)
	at org.wso2.carbon.apimgt.hostobjects.APIProviderHostObject.jsFunction_updateAPIStatus(APIProviderHostObject.java:1884)
	at sun.reflect.NativeMethodAccessorImpl.invoke0(Native Method)
	at sun.reflect.NativeMethodAccessorImpl.invoke(NativeMethodAccessorImpl.java:57)
	at sun.reflect.DelegatingMethodAccessorImpl.invoke(DelegatingMethodAccessorImpl.java:43)
	at java.lang.reflect.Method.invoke(Method.java:606)
	at org.mozilla.javascript.MemberBox.invoke(MemberBox.java:126)
	at org.mozilla.javascript.FunctionObject.call(FunctionObject.java:386)
	at org.mozilla.javascript.optimizer.OptRuntime.call1(OptRuntime.java:32)
	at org.jaggeryjs.rhino.publisher.modules.api.c4._c_anonymous_1(/publisher/modules/api/life-cycles.jag:6)
	at org.jaggeryjs.rhino.publisher.modules.api.c4.call(/publisher/modules/api/life-cycles.jag)
	at org.mozilla.javascript.ScriptRuntime.applyOrCall(ScriptRuntime.java:2430)
	at org.mozilla.javascript.BaseFunction.execIdCall(BaseFunction.java:269)
	at org.mozilla.javascript.IdFunctionObject.call(IdFunctionObject.java:97)
	at org.mozilla.javascript.optimizer.OptRuntime.call2(OptRuntime.java:42)
	at org.jaggeryjs.rhino.publisher.modules.api.c0._c_anonymous_11(/publisher/modules/api/module.jag:41)
	at org.jaggeryjs.rhino.publisher.modules.api.c0.call(/publisher/modules/api/module.jag)
	at org.mozilla.javascript.optimizer.OptRuntime.call1(OptRuntime.java:32)
	at org.jaggeryjs.rhino.publisher.site.blocks.life_cycles.ajax.c0._c_anonymous_1(/publisher/site/blocks/life-cycles/ajax/life-cycles.jag:27)
	at org.jaggeryjs.rhino.publisher.site.blocks.life_cycles.ajax.c0.call(/publisher/site/blocks/life-cycles/ajax/life-cycles.jag)
	at org.mozilla.javascript.optimizer.OptRuntime.call0(OptRuntime.java:23)
	at org.jaggeryjs.rhino.publisher.site.blocks.life_cycles.ajax.c0._c_script_0(/publisher/site/blocks/life-cycles/ajax/life-cycles.jag:4)
	at org.jaggeryjs.rhino.publisher.site.blocks.life_cycles.ajax.c0.call(/publisher/site/blocks/life-cycles/ajax/life-cycles.jag)
	at org.mozilla.javascript.ContextFactory.doTopCall(ContextFactory.java:394)
	at org.mozilla.javascript.ScriptRuntime.doTopCall(ScriptRuntime.java:3091)
	at org.jaggeryjs.rhino.publisher.site.blocks.life_cycles.ajax.c0.call(/publisher/site/blocks/life-cycles/ajax/life-cycles.jag)
	at org.jaggeryjs.rhino.publisher.site.blocks.life_cycles.ajax.c0.exec(/publisher/site/blocks/life-cycles/ajax/life-cycles.jag)
	at org.jaggeryjs.scriptengine.engine.RhinoEngine.execScript(RhinoEngine.java:567)
	at org.jaggeryjs.scriptengine.engine.RhinoEngine.exec(RhinoEngine.java:273)
	at org.jaggeryjs.jaggery.core.manager.WebAppManager.execute(WebAppManager.java:541)
	at org.jaggeryjs.jaggery.core.JaggeryServlet.doPost(JaggeryServlet.java:29)
	at javax.servlet.http.HttpServlet.service(HttpServlet.java:755)
	at javax.servlet.http.HttpServlet.service(HttpServlet.java:848)
	at org.apache.catalina.core.ApplicationFilterChain.internalDoFilter(ApplicationFilterChain.java:303)
	at org.apache.catalina.core.ApplicationFilterChain.doFilter(ApplicationFilterChain.java:208)
	at org.apache.catalina.core.ApplicationDispatcher.invoke(ApplicationDispatcher.java:748)
	at org.apache.catalina.core.ApplicationDispatcher.processRequest(ApplicationDispatcher.java:486)
	at org.apache.catalina.core.ApplicationDispatcher.doForward(ApplicationDispatcher.java:378)
	at org.apache.catalina.core.ApplicationDispatcher.forward(ApplicationDispatcher.java:338)
	at org.jaggeryjs.jaggery.core.JaggeryFilter.doFilter(JaggeryFilter.java:21)
	at org.apache.catalina.core.ApplicationFilterChain.internalDoFilter(ApplicationFilterChain.java:241)
	at org.apache.catalina.core.ApplicationFilterChain.doFilter(ApplicationFilterChain.java:208)
	at org.apache.catalina.core.StandardWrapperValve.invoke(StandardWrapperValve.java:220)
	at org.apache.catalina.core.StandardContextValve.invoke(StandardContextValve.java:122)
	at org.apache.catalina.authenticator.AuthenticatorBase.invoke(AuthenticatorBase.java:501)
	at org.apache.catalina.core.StandardHostValve.invoke(StandardHostValve.java:171)
	at org.apache.catalina.valves.ErrorReportValve.invoke(ErrorReportValve.java:103)
	at org.wso2.carbon.tomcat.ext.valves.CompositeValve.continueInvocation(CompositeValve.java:178)
	at org.wso2.carbon.tomcat.ext.valves.CarbonTomcatValve$1.invoke(CarbonTomcatValve.java:47)
	at org.wso2.carbon.webapp.mgt.TenantLazyLoaderValve.invoke(TenantLazyLoaderValve.java:56)
	at org.wso2.carbon.tomcat.ext.valves.TomcatValveContainer.invokeValves(TomcatValveContainer.java:47)
	at org.wso2.carbon.tomcat.ext.valves.CompositeValve.invoke(CompositeValve.java:141)
	at org.wso2.carbon.tomcat.ext.valves.CarbonStuckThreadDetectionValve.invoke(CarbonStuckThreadDetectionValve.java:156)
	at org.apache.catalina.valves.AccessLogValve.invoke(AccessLogValve.java:950)
	at org.wso2.carbon.tomcat.ext.valves.CarbonContextCreatorValve.invoke(CarbonContextCreatorValve.java:52)
	at org.apache.catalina.core.StandardEngineValve.invoke(StandardEngineValve.java:116)
	at org.apache.catalina.connector.CoyoteAdapter.service(CoyoteAdapter.java:408)
	at org.apache.coyote.http11.AbstractHttp11Processor.process(AbstractHttp11Processor.java:1070)
	at org.apache.coyote.AbstractProtocol$AbstractConnectionHandler.process(AbstractProtocol.java:611)
	at org.apache.tomcat.util.net.NioEndpoint$SocketProcessor.doRun(NioEndpoint.java:1736)
	at org.apache.tomcat.util.net.NioEndpoint$SocketProcessor.run(NioEndpoint.java:1695)
	at java.util.concurrent.ThreadPoolExecutor.runWorker(ThreadPoolExecutor.java:1145)
	at java.util.concurrent.ThreadPoolExecutor$Worker.run(ThreadPoolExecutor.java:615)
	at org.apache.tomcat.util.threads.TaskThread$WrappingRunnable.run(TaskThread.java:61)
	at java.lang.Thread.run(Thread.java:745)
Caused by: java.lang.ClassNotFoundException: org.apache.log.format.Formatter
	at org.eclipse.osgi.internal.loader.BundleLoader.findClassInternal(BundleLoader.java:501)
	at org.eclipse.osgi.internal.loader.BundleLoader.findClass(BundleLoader.java:421)
	at org.eclipse.osgi.internal.loader.BundleLoader.findClass(BundleLoader.java:412)
	at org.eclipse.osgi.internal.baseadaptor.DefaultClassLoader.loadClass(DefaultClassLoader.java:107)
	at java.lang.ClassLoader.loadClass(ClassLoader.java:358)
	... 79 more
2016-04-11 19:48:13,218 - Trying to use logger class org.apache.velocity.runtime.log.Log4JLogChute
2016-04-11 19:48:13,218 - Using logger class org.apache.velocity.runtime.log.Log4JLogChute
2016-04-11 19:48:13,218 - Default ResourceManager initializing. (class org.apache.velocity.runtime.resource.ResourceManagerImpl)
2016-04-11 19:48:13,221 - ResourceLoader instantiated: org.apache.velocity.runtime.resource.loader.FileResourceLoader
2016-04-11 19:48:13,221 - Do unicode file recognition:  false
2016-04-11 19:48:13,221 - FileResourceLoader : adding path '.'
2016-04-11 19:48:13,222 - ResourceCache: initialized (class org.apache.velocity.runtime.resource.ResourceCacheImpl)
2016-04-11 19:48:13,222 - Loaded System Directive: org.apache.velocity.runtime.directive.Literal
2016-04-11 19:48:13,222 - Loaded System Directive: org.apache.velocity.runtime.directive.Macro
2016-04-11 19:48:13,222 - Loaded System Directive: org.apache.velocity.runtime.directive.Parse
2016-04-11 19:48:13,223 - Loaded System Directive: org.apache.velocity.runtime.directive.Include
2016-04-11 19:48:13,223 - Loaded System Directive: org.apache.velocity.runtime.directive.Foreach
2016-04-11 19:48:13,224 - Created '20' parsers.
2016-04-11 19:48:13,225 - Velocimacro : "velocimacro.library" is not set.  Trying default library: VM_global_library.vm
2016-04-11 19:48:13,225 - Velocimacro : Default library not found.
2016-04-11 19:48:13,225 - Velocimacro : allowInline = true : VMs can be defined inline in templates
2016-04-11 19:48:13,225 - Velocimacro : allowInlineToOverride = false : VMs defined inline may NOT replace previous VM definitions
2016-04-11 19:48:13,225 - Velocimacro : allowInlineLocal = false : VMs defined inline will be global in scope if allowed.
2016-04-11 19:48:13,225 - Velocimacro : autoload off : VM system will not automatically reload global library macros
2016-04-11 19:48:13,239 - Velocimacro : added #print_if_exist(  field default ) : source = repository/resources/api_templates/velocity_template.xml
2016-04-11 19:48:13,240 - Velocimacro : added #print_string_if_exist(  field default ) : source = repository/resources/api_templates/velocity_template.xml
2016-04-11 19:48:13,240 - Velocimacro : added #print_if_exist_only(  tagname field ) : source = repository/resources/api_templates/velocity_template.xml
2016-04-11 19:48:13,245 - Velocimacro : added #print_list(  tagname list ) : source = repository/resources/api_templates/velocity_template.xml
2016-04-11 19:48:13,251 - Velocimacro : added #timeout(  config ) : source = repository/resources/api_templates/velocity_template.xml
2016-04-11 19:48:13,252 - Velocimacro : added #http_endpoint(  name ep ) : source = repository/resources/api_templates/velocity_template.xml
2016-04-11 19:48:13,262 - Velocimacro : added #draw_endpoint(  type endpoint_config ) : source = repository/resources/api_templates/velocity_template.xml
2016-04-11 19:48:13,331 - ResourceManager : found repository/resources/api_templates/velocity_template.xml with loader org.apache.velocity.runtime.resource.loader.FileResourceLoader
2016-04-11 19:48:13,351 - Null reference [template 'repository/resources/api_templates/velocity_template.xml', line 243, column 17] : $ctx cannot be resolved.
2016-04-11 19:48:13,355 - VM #timeout: error : too few arguments to macro. Wanted 1 got 0
2016-04-11 19:48:13,355 - VM #timeout: error : too few arguments to macro. Wanted 1 got 0
2016-04-11 19:48:13,371 - Left side ($config.get("actionSelect")) of '==' operation has null value. If a reference, it may not be in the context. Operation not possible. repository/resources/api_templates/velocity_template.xml [line 1, column 44]
2016-04-11 19:48:13,377 - VM #timeout: error : too few arguments to macro. Wanted 1 got 0
2016-04-11 19:48:13,378 - VM #timeout: error : too few arguments to macro. Wanted 1 got 0
2016-04-11 19:48:13,428 - Left side ($config.get("actionSelect")) of '==' operation has null value. If a reference, it may not be in the context. Operation not possible. repository/resources/api_templates/velocity_template.xml [line 1, column 44]
